{"timestamp":"2025-09-01T00:29:47.993Z","type":"health_check","status":"warning","details":{"database":"warning","supabase":"warning","system":"healthy"}}
{"timestamp":"2025-09-01T00:29:47.964Z","type":"health_check","status":"warning","details":{"database":"warning","supabase":"warning","system":"healthy"}}
{"timestamp":"2025-09-01T01:20:40.202Z","type":"health_check","status":"error","details":{"database":"error","supabase":"warning","system":"healthy"}}
{"timestamp":"2025-09-01T01:20:40.206Z","type":"health_check","status":"error","details":{"database":"error","supabase":"warning","system":"healthy"}}
{"timestamp":"2025-09-01T01:21:26.202Z","type":"health_check","status":"warning","details":{"database":"warning","supabase":"healthy","system":"healthy"}}
{"timestamp":"2025-09-01T01:21:26.208Z","type":"health_check","status":"warning","details":{"database":"warning","supabase":"healthy","system":"healthy"}}
{"timestamp":"2025-09-01T01:22:12.717Z","type":"health_check","status":"healthy","details":{"database":"healthy","supabase":"healthy","system":"healthy"}}
{"timestamp":"2025-09-01T01:22:12.713Z","type":"health_check","status":"healthy","details":{"database":"healthy","supabase":"healthy","system":"healthy"}}
{"timestamp":"2025-09-01T01:22:58.065Z","type":"health_check","status":"healthy","details":{"database":"healthy","supabase":"healthy","system":"healthy"}}
{"timestamp":"2025-09-01T01:22:58.126Z","type":"health_check","status":"healthy","details":{"database":"healthy","supabase":"healthy","system":"healthy"}}
{"timestamp":"2025-09-01T01:23:43.457Z","type":"health_check","status":"healthy","details":{"database":"healthy","supabase":"healthy","system":"healthy"}}
{"timestamp":"2025-09-01T01:23:43.518Z","type":"health_check","status":"healthy","details":{"database":"healthy","supabase":"healthy","system":"healthy"}}
{"timestamp":"2025-09-01T01:24:29.160Z","type":"health_check","status":"healthy","details":{"database":"healthy","supabase":"healthy","system":"healthy"}}
{"timestamp":"2025-09-01T01:24:29.653Z","type":"health_check","status":"healthy","details":{"database":"healthy","supabase":"healthy","system":"healthy"}}
{"timestamp":"2025-09-01T01:25:14.523Z","type":"health_check","status":"warning","details":{"database":"healthy","supabase":"healthy","system":"warning"}}
{"timestamp":"2025-09-01T01:25:14.801Z","type":"health_check","status":"warning","details":{"database":"healthy","supabase":"healthy","system":"warning"}}
{"timestamp":"2025-09-01T01:26:00.049Z","type":"health_check","status":"warning","details":{"database":"healthy","supabase":"healthy","system":"warning"}}
{"timestamp":"2025-09-01T01:26:00.063Z","type":"health_check","status":"healthy","details":{"database":"healthy","supabase":"healthy","system":"healthy"}}
{"timestamp":"2025-09-01T01:26:45.716Z","type":"health_check","status":"warning","details":{"database":"healthy","supabase":"healthy","system":"warning"}}
{"timestamp":"2025-09-01T01:26:45.721Z","type":"health_check","status":"warning","details":{"database":"healthy","supabase":"healthy","system":"warning"}}
{"timestamp":"2025-09-01T01:27:31.005Z","type":"health_check","status":"warning","details":{"database":"healthy","supabase":"healthy","system":"warning"}}
{"timestamp":"2025-09-01T01:27:31.066Z","type":"health_check","status":"warning","details":{"database":"healthy","supabase":"healthy","system":"warning"}}
{"timestamp":"2025-09-01T01:28:16.335Z","type":"health_check","status":"warning","details":{"database":"healthy","supabase":"healthy","system":"warning"}}
{"timestamp":"2025-09-01T01:28:16.339Z","type":"health_check","status":"warning","details":{"database":"healthy","supabase":"healthy","system":"warning"}}
{"timestamp":"2025-09-01T01:29:01.938Z","type":"health_check","status":"warning","details":{"database":"healthy","supabase":"healthy","system":"warning"}}
{"timestamp":"2025-09-01T01:29:02.005Z","type":"health_check","status":"warning","details":{"database":"healthy","supabase":"healthy","system":"warning"}}
{"timestamp":"2025-09-01T01:30:41.411Z","type":"health_check","status":"warning","details":{"database":"healthy","supabase":"healthy","system":"warning"}}
{"timestamp":"2025-09-01T01:30:41.362Z","type":"health_check","status":"warning","details":{"database":"healthy","supabase":"healthy","system":"warning"}}
{"timestamp":"2025-09-01T01:31:11.369Z","type":"health_check","status":"warning","details":{"database":"healthy","supabase":"healthy","system":"warning"}}
{"timestamp":"2025-09-01T01:31:11.426Z","type":"health_check","status":"warning","details":{"database":"healthy","supabase":"healthy","system":"warning"}}
{"timestamp":"2025-09-01T01:32:11.675Z","type":"health_check","status":"warning","details":{"database":"healthy","supabase":"healthy","system":"warning"}}
{"timestamp":"2025-09-01T01:32:11.690Z","type":"health_check","status":"warning","details":{"database":"healthy","supabase":"healthy","system":"warning"}}
{"timestamp":"2025-09-01T01:32:56.966Z","type":"health_check","status":"warning","details":{"database":"healthy","supabase":"healthy","system":"warning"}}
{"timestamp":"2025-09-01T01:32:56.968Z","type":"health_check","status":"warning","details":{"database":"healthy","supabase":"healthy","system":"warning"}}
{"timestamp":"2025-09-01T01:33:42.751Z","type":"health_check","status":"warning","details":{"database":"healthy","supabase":"healthy","system":"warning"}}
{"timestamp":"2025-09-01T01:33:57.815Z","type":"health_check","status":"warning","details":{"database":"healthy","supabase":"healthy","system":"warning"}}
{"timestamp":"2025-09-01T01:34:28.025Z","type":"health_check","status":"warning","details":{"database":"healthy","supabase":"healthy","system":"warning"}}
{"timestamp":"2025-09-01T01:34:58.145Z","type":"health_check","status":"warning","details":{"database":"healthy","supabase":"healthy","system":"warning"}}
{"timestamp":"2025-09-01T01:35:28.285Z","type":"health_check","status":"warning","details":{"database":"healthy","supabase":"healthy","system":"warning"}}
{"timestamp":"2025-09-01T01:35:43.738Z","type":"health_check","status":"warning","details":{"database":"healthy","supabase":"healthy","system":"warning"}}
{"timestamp":"2025-09-01T01:36:28.553Z","type":"health_check","status":"warning","details":{"database":"healthy","supabase":"healthy","system":"warning"}}
{"timestamp":"2025-09-01T01:36:44.004Z","type":"health_check","status":"warning","details":{"database":"healthy","supabase":"healthy","system":"warning"}}
{"timestamp":"2025-09-01T01:37:28.861Z","type":"health_check","status":"warning","details":{"database":"healthy","supabase":"healthy","system":"warning"}}
{"timestamp":"2025-09-01T01:37:44.576Z","type":"health_check","status":"warning","details":{"database":"healthy","supabase":"healthy","system":"warning"}}
{"timestamp":"2025-09-01T01:38:10.437Z","type":"health_check","status":"warning","details":{"database":"healthy","supabase":"healthy","system":"warning"}}
{"timestamp":"2025-09-01T01:38:10.396Z","type":"health_check","status":"warning","details":{"database":"healthy","supabase":"healthy","system":"warning"}}
{"timestamp":"2025-09-01T01:39:33.894Z","type":"health_check","status":"warning","details":{"database":"healthy","supabase":"healthy","system":"warning"}}
{"timestamp":"2025-09-01T01:39:33.858Z","type":"health_check","status":"warning","details":{"database":"healthy","supabase":"healthy","system":"warning"}}
{"timestamp":"2025-09-01T01:40:03.869Z","type":"health_check","status":"warning","details":{"database":"healthy","supabase":"healthy","system":"warning"}}
{"timestamp":"2025-09-01T01:40:03.896Z","type":"health_check","status":"warning","details":{"database":"healthy","supabase":"healthy","system":"warning"}}
{"timestamp":"2025-09-01T01:40:49.282Z","type":"health_check","status":"warning","details":{"database":"healthy","supabase":"healthy","system":"warning"}}
{"timestamp":"2025-09-01T01:41:04.287Z","type":"health_check","status":"warning","details":{"database":"healthy","supabase":"healthy","system":"warning"}}
{"timestamp":"2025-09-01T01:41:49.721Z","type":"health_check","status":"warning","details":{"database":"healthy","supabase":"healthy","system":"warning"}}
{"timestamp":"2025-09-01T01:42:04.569Z","type":"health_check","status":"warning","details":{"database":"healthy","supabase":"healthy","system":"warning"}}
{"timestamp":"2025-09-01T01:42:35.346Z","type":"health_check","status":"warning","details":{"database":"healthy","supabase":"healthy","system":"warning"}}
{"timestamp":"2025-09-01T01:43:04.973Z","type":"health_check","status":"warning","details":{"database":"healthy","supabase":"healthy","system":"warning"}}
{"timestamp":"2025-09-01T01:43:38.858Z","type":"health_check","status":"warning","details":{"database":"healthy","supabase":"healthy","system":"warning"}}
{"timestamp":"2025-09-01T01:44:05.219Z","type":"health_check","status":"warning","details":{"database":"healthy","supabase":"healthy","system":"warning"}}
{"timestamp":"2025-09-01T01:44:39.434Z","type":"health_check","status":"warning","details":{"database":"warning","supabase":"healthy","system":"warning"}}
{"timestamp":"2025-09-01T01:45:05.531Z","type":"health_check","status":"warning","details":{"database":"healthy","supabase":"healthy","system":"warning"}}
{"timestamp":"2025-09-01T01:45:41.091Z","type":"health_check","status":"warning","details":{"database":"healthy","supabase":"healthy","system":"warning"}}
{"timestamp":"2025-09-01T01:46:06.244Z","type":"health_check","status":"warning","details":{"database":"healthy","supabase":"healthy","system":"warning"}}
{"timestamp":"2025-09-01T01:46:41.706Z","type":"health_check","status":"warning","details":{"database":"healthy","supabase":"healthy","system":"warning"}}
{"timestamp":"2025-09-01T01:47:06.558Z","type":"health_check","status":"warning","details":{"database":"healthy","supabase":"healthy","system":"warning"}}
{"timestamp":"2025-09-01T01:47:42.000Z","type":"health_check","status":"warning","details":{"database":"healthy","supabase":"healthy","system":"warning"}}
{"timestamp":"2025-09-01T01:48:06.868Z","type":"health_check","status":"warning","details":{"database":"healthy","supabase":"healthy","system":"warning"}}
{"timestamp":"2025-09-01T01:48:42.568Z","type":"health_check","status":"warning","details":{"database":"healthy","supabase":"healthy","system":"warning"}}
{"timestamp":"2025-09-01T01:49:07.184Z","type":"health_check","status":"warning","details":{"database":"healthy","supabase":"healthy","system":"warning"}}
{"timestamp":"2025-09-01T01:49:42.887Z","type":"health_check","status":"warning","details":{"database":"healthy","supabase":"healthy","system":"warning"}}
{"timestamp":"2025-09-01T01:50:07.497Z","type":"health_check","status":"warning","details":{"database":"healthy","supabase":"healthy","system":"warning"}}
{"timestamp":"2025-09-01T01:50:43.486Z","type":"health_check","status":"warning","details":{"database":"healthy","supabase":"healthy","system":"warning"}}
{"timestamp":"2025-09-01T01:51:07.850Z","type":"health_check","status":"warning","details":{"database":"healthy","supabase":"healthy","system":"warning"}}
{"timestamp":"2025-09-01T01:51:43.829Z","type":"health_check","status":"error","details":{"database":"healthy","supabase":"healthy","system":"error"}}
{"timestamp":"2025-09-01T01:52:08.383Z","type":"health_check","status":"warning","details":{"database":"healthy","supabase":"healthy","system":"warning"}}
{"timestamp":"2025-09-01T01:52:44.138Z","type":"health_check","status":"error","details":{"database":"healthy","supabase":"healthy","system":"error"}}
{"timestamp":"2025-09-01T01:53:08.726Z","type":"health_check","status":"warning","details":{"database":"healthy","supabase":"healthy","system":"warning"}}
{"timestamp":"2025-09-01T01:53:44.510Z","type":"health_check","status":"warning","details":{"database":"healthy","supabase":"healthy","system":"warning"}}
{"timestamp":"2025-09-01T01:54:09.011Z","type":"health_check","status":"error","details":{"database":"healthy","supabase":"healthy","system":"error"}}
{"timestamp":"2025-09-01T01:54:44.799Z","type":"health_check","status":"warning","details":{"database":"healthy","supabase":"healthy","system":"warning"}}
{"timestamp":"2025-09-01T01:55:09.297Z","type":"health_check","status":"error","details":{"database":"healthy","supabase":"healthy","system":"error"}}
{"timestamp":"2025-09-01T03:32:39.409Z","type":"health_check","status":"warning","details":{"database":"warning","supabase":"healthy","system":"warning"}}
{"timestamp":"2025-09-01T03:32:39.341Z","type":"health_check","status":"warning","details":{"database":"warning","supabase":"healthy","system":"warning"}}
{"timestamp":"2025-09-01T03:33:09.346Z","type":"health_check","status":"warning","details":{"database":"healthy","supabase":"healthy","system":"warning"}}
{"timestamp":"2025-09-01T03:33:09.427Z","type":"health_check","status":"warning","details":{"database":"healthy","supabase":"healthy","system":"warning"}}
{"timestamp":"2025-09-01T03:33:54.651Z","type":"health_check","status":"warning","details":{"database":"healthy","supabase":"healthy","system":"warning"}}
{"timestamp":"2025-09-01T03:33:54.660Z","type":"health_check","status":"warning","details":{"database":"healthy","supabase":"healthy","system":"warning"}}
{"timestamp":"2025-09-01T03:34:54.970Z","type":"health_check","status":"warning","details":{"database":"healthy","supabase":"healthy","system":"warning"}}
{"timestamp":"2025-09-01T03:34:54.968Z","type":"health_check","status":"warning","details":{"database":"healthy","supabase":"healthy","system":"warning"}}
{"timestamp":"2025-09-01T03:35:56.004Z","type":"health_check","status":"warning","details":{"database":"healthy","supabase":"healthy","system":"warning"}}
{"timestamp":"2025-09-01T03:35:56.037Z","type":"health_check","status":"warning","details":{"database":"healthy","supabase":"healthy","system":"warning"}}
{"timestamp":"2025-09-01T03:36:56.301Z","type":"health_check","status":"warning","details":{"database":"healthy","supabase":"healthy","system":"warning"}}
{"timestamp":"2025-09-01T03:36:56.371Z","type":"health_check","status":"warning","details":{"database":"healthy","supabase":"healthy","system":"warning"}}
{"timestamp":"2025-09-01T03:37:57.028Z","type":"health_check","status":"warning","details":{"database":"healthy","supabase":"healthy","system":"warning"}}
{"timestamp":"2025-09-01T03:37:56.896Z","type":"health_check","status":"warning","details":{"database":"healthy","supabase":"healthy","system":"warning"}}
{"timestamp":"2025-09-01T03:38:57.452Z","type":"health_check","status":"warning","details":{"database":"healthy","supabase":"healthy","system":"warning"}}
{"timestamp":"2025-09-01T03:38:57.427Z","type":"health_check","status":"warning","details":{"database":"healthy","supabase":"healthy","system":"warning"}}
{"timestamp":"2025-09-01T03:39:43.178Z","type":"health_check","status":"warning","details":{"database":"healthy","supabase":"healthy","system":"warning"}}
{"timestamp":"2025-09-01T03:39:42.979Z","type":"health_check","status":"warning","details":{"database":"healthy","supabase":"healthy","system":"warning"}}
{"timestamp":"2025-09-01T03:40:28.436Z","type":"health_check","status":"warning","details":{"database":"healthy","supabase":"healthy","system":"warning"}}
{"timestamp":"2025-09-01T03:40:28.432Z","type":"health_check","status":"warning","details":{"database":"healthy","supabase":"healthy","system":"warning"}}
{"timestamp":"2025-09-01T03:41:13.729Z","type":"health_check","status":"warning","details":{"database":"healthy","supabase":"healthy","system":"warning"}}
{"timestamp":"2025-09-01T03:41:13.734Z","type":"health_check","status":"warning","details":{"database":"healthy","supabase":"healthy","system":"warning"}}
{"timestamp":"2025-09-01T03:42:14.005Z","type":"health_check","status":"warning","details":{"database":"healthy","supabase":"healthy","system":"warning"}}
{"timestamp":"2025-09-01T03:42:14.458Z","type":"health_check","status":"warning","details":{"database":"healthy","supabase":"healthy","system":"warning"}}
{"timestamp":"2025-09-01T03:42:59.306Z","type":"health_check","status":"healthy","details":{"database":"healthy","supabase":"healthy","system":"healthy"}}
{"timestamp":"2025-09-01T03:42:59.626Z","type":"health_check","status":"healthy","details":{"database":"healthy","supabase":"healthy","system":"healthy"}}
{"timestamp":"2025-09-01T03:43:29.849Z","type":"health_check","status":"healthy","details":{"database":"healthy","supabase":"healthy","system":"healthy"}}
{"timestamp":"2025-09-01T03:43:29.773Z","type":"health_check","status":"healthy","details":{"database":"healthy","supabase":"healthy","system":"healthy"}}
{"timestamp":"2025-09-01T03:44:00.014Z","type":"health_check","status":"healthy","details":{"database":"healthy","supabase":"healthy","system":"healthy"}}
{"timestamp":"2025-09-01T03:44:00.118Z","type":"health_check","status":"healthy","details":{"database":"healthy","supabase":"healthy","system":"healthy"}}
{"timestamp":"2025-09-01T03:44:45.677Z","type":"health_check","status":"warning","details":{"database":"healthy","supabase":"healthy","system":"warning"}}
{"timestamp":"2025-09-01T03:44:45.680Z","type":"health_check","status":"warning","details":{"database":"healthy","supabase":"healthy","system":"warning"}}
{"timestamp":"2025-09-01T03:45:31.028Z","type":"health_check","status":"warning","details":{"database":"healthy","supabase":"healthy","system":"warning"}}
{"timestamp":"2025-09-01T03:45:46.003Z","type":"health_check","status":"warning","details":{"database":"healthy","supabase":"healthy","system":"warning"}}
{"timestamp":"2025-09-01T03:46:16.402Z","type":"health_check","status":"warning","details":{"database":"healthy","supabase":"healthy","system":"warning"}}
{"timestamp":"2025-09-01T03:46:46.331Z","type":"health_check","status":"warning","details":{"database":"healthy","supabase":"healthy","system":"warning"}}
{"timestamp":"2025-09-01T03:47:16.711Z","type":"health_check","status":"warning","details":{"database":"healthy","supabase":"healthy","system":"warning"}}
{"timestamp":"2025-09-01T03:47:32.056Z","type":"health_check","status":"warning","details":{"database":"healthy","supabase":"healthy","system":"warning"}}
{"timestamp":"2025-09-01T03:48:02.126Z","type":"health_check","status":"warning","details":{"database":"healthy","supabase":"healthy","system":"warning"}}
{"timestamp":"2025-09-01T03:48:32.529Z","type":"health_check","status":"warning","details":{"database":"healthy","supabase":"healthy","system":"warning"}}
{"timestamp":"2025-09-01T03:49:02.870Z","type":"health_check","status":"warning","details":{"database":"healthy","supabase":"healthy","system":"warning"}}
{"timestamp":"2025-09-01T03:49:18.195Z","type":"health_check","status":"warning","details":{"database":"healthy","supabase":"healthy","system":"warning"}}
{"timestamp":"2025-09-01T03:50:03.177Z","type":"health_check","status":"warning","details":{"database":"healthy","supabase":"healthy","system":"warning"}}
{"timestamp":"2025-09-01T03:50:18.508Z","type":"health_check","status":"warning","details":{"database":"healthy","supabase":"healthy","system":"warning"}}
{"timestamp":"2025-09-01T03:51:03.472Z","type":"health_check","status":"warning","details":{"database":"healthy","supabase":"healthy","system":"warning"}}
{"timestamp":"2025-09-01T03:51:04.463Z","type":"health_check","status":"warning","details":{"database":"healthy","supabase":"healthy","system":"warning"}}
{"timestamp":"2025-09-01T03:51:48.861Z","type":"health_check","status":"warning","details":{"database":"healthy","supabase":"healthy","system":"warning"}}
{"timestamp":"2025-09-01T03:51:49.641Z","type":"health_check","status":"warning","details":{"database":"healthy","supabase":"healthy","system":"warning"}}
{"timestamp":"2025-09-01T03:52:34.170Z","type":"health_check","status":"warning","details":{"database":"healthy","supabase":"healthy","system":"warning"}}
{"timestamp":"2025-09-01T03:52:49.795Z","type":"health_check","status":"warning","details":{"database":"healthy","supabase":"healthy","system":"warning"}}
{"timestamp":"2025-09-01T04:37:13.625Z","type":"health_check","status":"warning","details":{"database":"warning","supabase":"healthy","system":"warning"}}
{"timestamp":"2025-09-01T04:37:13.648Z","type":"health_check","status":"warning","details":{"database":"warning","supabase":"healthy","system":"warning"}}
{"timestamp":"2025-09-01T04:37:55.698Z","type":"health_check","status":"warning","details":{"database":"healthy","supabase":"healthy","system":"warning"}}
{"timestamp":"2025-09-01T04:37:55.741Z","type":"health_check","status":"warning","details":{"database":"healthy","supabase":"healthy","system":"warning"}}
{"timestamp":"2025-09-01T04:38:25.706Z","type":"health_check","status":"warning","details":{"database":"healthy","supabase":"healthy","system":"warning"}}
{"timestamp":"2025-09-01T04:38:25.748Z","type":"health_check","status":"warning","details":{"database":"healthy","supabase":"healthy","system":"warning"}}
{"timestamp":"2025-09-01T04:39:11.061Z","type":"health_check","status":"warning","details":{"database":"healthy","supabase":"healthy","system":"warning"}}
{"timestamp":"2025-09-01T04:39:11.064Z","type":"health_check","status":"warning","details":{"database":"warning","supabase":"healthy","system":"warning"}}
{"timestamp":"2025-09-01T04:40:11.873Z","type":"health_check","status":"warning","details":{"database":"healthy","supabase":"healthy","system":"warning"}}
{"timestamp":"2025-09-01T04:40:12.341Z","type":"health_check","status":"warning","details":{"database":"healthy","supabase":"healthy","system":"warning"}}
{"timestamp":"2025-09-01T04:40:50.088Z","type":"health_check","status":"warning","details":{"database":"healthy","supabase":"healthy","system":"warning"}}
{"timestamp":"2025-09-01T04:40:50.054Z","type":"health_check","status":"warning","details":{"database":"healthy","supabase":"healthy","system":"warning"}}
{"timestamp":"2025-09-01T04:41:20.061Z","type":"health_check","status":"warning","details":{"database":"healthy","supabase":"healthy","system":"warning"}}
{"timestamp":"2025-09-01T04:41:20.091Z","type":"health_check","status":"warning","details":{"database":"healthy","supabase":"healthy","system":"warning"}}
{"timestamp":"2025-09-01T04:42:20.398Z","type":"health_check","status":"warning","details":{"database":"healthy","supabase":"healthy","system":"warning"}}
{"timestamp":"2025-09-01T04:42:20.490Z","type":"health_check","status":"warning","details":{"database":"healthy","supabase":"healthy","system":"warning"}}
{"timestamp":"2025-09-01T04:43:20.807Z","type":"health_check","status":"warning","details":{"database":"healthy","supabase":"healthy","system":"warning"}}
{"timestamp":"2025-09-01T04:43:20.801Z","type":"health_check","status":"warning","details":{"database":"healthy","supabase":"healthy","system":"warning"}}
{"timestamp":"2025-09-01T04:44:21.483Z","type":"health_check","status":"warning","details":{"database":"healthy","supabase":"healthy","system":"warning"}}
{"timestamp":"2025-09-01T04:44:21.490Z","type":"health_check","status":"warning","details":{"database":"healthy","supabase":"healthy","system":"warning"}}
{"timestamp":"2025-09-01T04:45:21.809Z","type":"health_check","status":"error","details":{"database":"healthy","supabase":"healthy","system":"error"}}
{"timestamp":"2025-09-01T04:45:21.992Z","type":"health_check","status":"error","details":{"database":"healthy","supabase":"healthy","system":"error"}}
{"timestamp":"2025-09-01T04:46:22.435Z","type":"health_check","status":"error","details":{"database":"healthy","supabase":"healthy","system":"error"}}
{"timestamp":"2025-09-01T04:46:22.466Z","type":"health_check","status":"error","details":{"database":"healthy","supabase":"healthy","system":"error"}}
{"timestamp":"2025-09-01T04:47:22.802Z","type":"health_check","status":"error","details":{"database":"healthy","supabase":"healthy","system":"error"}}
{"timestamp":"2025-09-01T04:47:22.796Z","type":"health_check","status":"error","details":{"database":"healthy","supabase":"healthy","system":"error"}}
{"timestamp":"2025-09-01T04:48:23.414Z","type":"health_check","status":"warning","details":{"database":"healthy","supabase":"healthy","system":"warning"}}
{"timestamp":"2025-09-01T04:48:23.478Z","type":"health_check","status":"warning","details":{"database":"healthy","supabase":"healthy","system":"warning"}}
{"timestamp":"2025-09-01T04:49:23.694Z","type":"health_check","status":"warning","details":{"database":"healthy","supabase":"healthy","system":"warning"}}
{"timestamp":"2025-09-01T04:49:23.793Z","type":"health_check","status":"warning","details":{"database":"healthy","supabase":"healthy","system":"warning"}}
{"timestamp":"2025-09-01T04:50:24.209Z","type":"health_check","status":"warning","details":{"database":"healthy","supabase":"healthy","system":"warning"}}
{"timestamp":"2025-09-01T04:50:24.402Z","type":"health_check","status":"warning","details":{"database":"healthy","supabase":"healthy","system":"warning"}}
{"timestamp":"2025-09-01T04:50:55.911Z","type":"health_check","status":"warning","details":{"database":"healthy","supabase":"healthy","system":"warning"}}
{"timestamp":"2025-09-01T04:50:55.874Z","type":"health_check","status":"warning","details":{"database":"healthy","supabase":"healthy","system":"warning"}}
{"timestamp":"2025-09-01T04:51:25.878Z","type":"health_check","status":"warning","details":{"database":"healthy","supabase":"healthy","system":"warning"}}
{"timestamp":"2025-09-01T04:51:25.923Z","type":"health_check","status":"warning","details":{"database":"healthy","supabase":"healthy","system":"warning"}}
{"timestamp":"2025-09-01T04:52:26.559Z","type":"health_check","status":"warning","details":{"database":"healthy","supabase":"healthy","system":"warning"}}
{"timestamp":"2025-09-01T04:52:26.513Z","type":"health_check","status":"warning","details":{"database":"healthy","supabase":"healthy","system":"warning"}}
{"timestamp":"2025-09-01T04:53:26.791Z","type":"health_check","status":"warning","details":{"database":"healthy","supabase":"healthy","system":"warning"}}
{"timestamp":"2025-09-01T04:53:26.799Z","type":"health_check","status":"warning","details":{"database":"healthy","supabase":"healthy","system":"warning"}}
{"timestamp":"2025-09-01T04:54:27.372Z","type":"health_check","status":"warning","details":{"database":"healthy","supabase":"healthy","system":"warning"}}
{"timestamp":"2025-09-01T04:54:27.376Z","type":"health_check","status":"warning","details":{"database":"healthy","supabase":"healthy","system":"warning"}}
{"timestamp":"2025-09-01T04:55:27.711Z","type":"health_check","status":"warning","details":{"database":"healthy","supabase":"healthy","system":"warning"}}
{"timestamp":"2025-09-01T04:55:27.804Z","type":"health_check","status":"warning","details":{"database":"healthy","supabase":"healthy","system":"warning"}}
{"timestamp":"2025-09-01T04:56:28.278Z","type":"health_check","status":"warning","details":{"database":"healthy","supabase":"healthy","system":"warning"}}
{"timestamp":"2025-09-01T04:56:28.369Z","type":"health_check","status":"warning","details":{"database":"healthy","supabase":"healthy","system":"warning"}}
{"timestamp":"2025-09-01T04:57:28.631Z","type":"health_check","status":"warning","details":{"database":"healthy","supabase":"healthy","system":"warning"}}
{"timestamp":"2025-09-01T04:57:28.571Z","type":"health_check","status":"error","details":{"database":"healthy","supabase":"healthy","system":"error"}}
{"timestamp":"2025-09-01T04:58:28.950Z","type":"health_check","status":"warning","details":{"database":"healthy","supabase":"healthy","system":"warning"}}
{"timestamp":"2025-09-01T04:58:29.088Z","type":"health_check","status":"warning","details":{"database":"healthy","supabase":"healthy","system":"warning"}}
{"timestamp":"2025-09-01T04:59:29.299Z","type":"health_check","status":"warning","details":{"database":"healthy","supabase":"healthy","system":"warning"}}
{"timestamp":"2025-09-01T04:59:29.234Z","type":"health_check","status":"warning","details":{"database":"healthy","supabase":"healthy","system":"warning"}}
{"timestamp":"2025-09-01T05:00:29.566Z","type":"health_check","status":"healthy","details":{"database":"healthy","supabase":"healthy","system":"healthy"}}
{"timestamp":"2025-09-01T05:00:29.775Z","type":"health_check","status":"healthy","details":{"database":"healthy","supabase":"healthy","system":"healthy"}}
{"timestamp":"2025-09-01T05:00:59.840Z","type":"health_check","status":"healthy","details":{"database":"healthy","supabase":"healthy","system":"healthy"}}
{"timestamp":"2025-09-01T05:00:59.961Z","type":"health_check","status":"healthy","details":{"database":"healthy","supabase":"healthy","system":"healthy"}}
{"timestamp":"2025-09-01T05:01:30.360Z","type":"health_check","status":"healthy","details":{"database":"healthy","supabase":"healthy","system":"healthy"}}
{"timestamp":"2025-09-01T05:01:45.376Z","type":"health_check","status":"healthy","details":{"database":"healthy","supabase":"healthy","system":"healthy"}}
{"timestamp":"2025-09-01T05:02:15.617Z","type":"health_check","status":"healthy","details":{"database":"healthy","supabase":"healthy","system":"healthy"}}
{"timestamp":"2025-09-01T05:02:15.949Z","type":"health_check","status":"healthy","details":{"database":"healthy","supabase":"healthy","system":"healthy"}}
{"timestamp":"2025-09-01T05:02:46.090Z","type":"health_check","status":"healthy","details":{"database":"healthy","supabase":"healthy","system":"healthy"}}
{"timestamp":"2025-09-01T05:03:00.882Z","type":"health_check","status":"healthy","details":{"database":"healthy","supabase":"healthy","system":"healthy"}}
{"timestamp":"2025-09-01T05:03:31.344Z","type":"health_check","status":"warning","details":{"database":"healthy","supabase":"healthy","system":"warning"}}
{"timestamp":"2025-09-01T05:03:31.435Z","type":"health_check","status":"warning","details":{"database":"healthy","supabase":"healthy","system":"warning"}}
{"timestamp":"2025-09-01T05:04:17.065Z","type":"health_check","status":"warning","details":{"database":"healthy","supabase":"healthy","system":"warning"}}
{"timestamp":"2025-09-01T05:04:17.043Z","type":"health_check","status":"warning","details":{"database":"healthy","supabase":"healthy","system":"warning"}}
{"timestamp":"2025-09-01T05:05:02.478Z","type":"health_check","status":"warning","details":{"database":"healthy","supabase":"healthy","system":"warning"}}
{"timestamp":"2025-09-01T05:05:17.306Z","type":"health_check","status":"warning","details":{"database":"healthy","supabase":"healthy","system":"warning"}}
{"timestamp":"2025-09-01T05:05:47.832Z","type":"health_check","status":"warning","details":{"database":"healthy","supabase":"healthy","system":"warning"}}
{"timestamp":"2025-09-01T05:06:17.999Z","type":"health_check","status":"warning","details":{"database":"healthy","supabase":"healthy","system":"warning"}}
{"timestamp":"2025-09-01T05:06:48.183Z","type":"health_check","status":"warning","details":{"database":"healthy","supabase":"healthy","system":"warning"}}
{"timestamp":"2025-09-01T05:07:18.333Z","type":"health_check","status":"warning","details":{"database":"healthy","supabase":"healthy","system":"warning"}}
{"timestamp":"2025-09-01T05:07:33.803Z","type":"health_check","status":"warning","details":{"database":"healthy","supabase":"healthy","system":"warning"}}
{"timestamp":"2025-09-01T05:08:18.905Z","type":"health_check","status":"warning","details":{"database":"healthy","supabase":"healthy","system":"warning"}}
{"timestamp":"2025-09-01T05:08:34.093Z","type":"health_check","status":"warning","details":{"database":"healthy","supabase":"healthy","system":"warning"}}
{"timestamp":"2025-09-01T05:09:19.404Z","type":"health_check","status":"healthy","details":{"database":"healthy","supabase":"healthy","system":"healthy"}}
{"timestamp":"2025-09-01T05:09:34.375Z","type":"health_check","status":"healthy","details":{"database":"healthy","supabase":"healthy","system":"healthy"}}
{"timestamp":"2025-09-01T05:10:04.704Z","type":"health_check","status":"warning","details":{"database":"healthy","supabase":"healthy","system":"warning"}}
{"timestamp":"2025-09-01T05:10:05.725Z","type":"health_check","status":"warning","details":{"database":"healthy","supabase":"healthy","system":"warning"}}
{"timestamp":"2025-09-01T05:11:05.195Z","type":"health_check","status":"warning","details":{"database":"healthy","supabase":"healthy","system":"warning"}}
{"timestamp":"2025-09-01T05:11:05.876Z","type":"health_check","status":"warning","details":{"database":"healthy","supabase":"healthy","system":"warning"}}
{"timestamp":"2025-09-01T05:11:50.888Z","type":"health_check","status":"error","details":{"database":"healthy","supabase":"healthy","system":"error"}}
{"timestamp":"2025-09-01T05:12:06.048Z","type":"health_check","status":"warning","details":{"database":"healthy","supabase":"healthy","system":"warning"}}
{"timestamp":"2025-09-01T05:12:51.217Z","type":"health_check","status":"warning","details":{"database":"healthy","supabase":"healthy","system":"warning"}}
{"timestamp":"2025-09-01T05:13:06.339Z","type":"health_check","status":"warning","details":{"database":"healthy","supabase":"healthy","system":"warning"}}
{"timestamp":"2025-09-01T05:13:51.962Z","type":"health_check","status":"warning","details":{"database":"healthy","supabase":"healthy","system":"warning"}}
{"timestamp":"2025-09-01T05:14:06.641Z","type":"health_check","status":"warning","details":{"database":"healthy","supabase":"healthy","system":"warning"}}
{"timestamp":"2025-09-01T05:14:52.285Z","type":"health_check","status":"warning","details":{"database":"healthy","supabase":"healthy","system":"warning"}}
{"timestamp":"2025-09-01T05:15:07.001Z","type":"health_check","status":"error","details":{"database":"healthy","supabase":"healthy","system":"error"}}
{"timestamp":"2025-09-01T05:15:53.093Z","type":"health_check","status":"error","details":{"database":"healthy","supabase":"healthy","system":"error"}}
{"timestamp":"2025-09-01T05:16:07.333Z","type":"health_check","status":"warning","details":{"database":"healthy","supabase":"healthy","system":"warning"}}
{"timestamp":"2025-09-01T05:16:53.489Z","type":"health_check","status":"error","details":{"database":"healthy","supabase":"healthy","system":"error"}}
{"timestamp":"2025-09-01T05:17:07.641Z","type":"health_check","status":"error","details":{"database":"healthy","supabase":"healthy","system":"error"}}
{"timestamp":"2025-09-01T05:17:54.185Z","type":"health_check","status":"warning","details":{"database":"healthy","supabase":"healthy","system":"warning"}}
{"timestamp":"2025-09-01T05:18:07.966Z","type":"health_check","status":"warning","details":{"database":"healthy","supabase":"healthy","system":"warning"}}
{"timestamp":"2025-09-01T05:18:54.497Z","type":"health_check","status":"warning","details":{"database":"healthy","supabase":"healthy","system":"warning"}}
{"timestamp":"2025-09-01T05:19:08.238Z","type":"health_check","status":"warning","details":{"database":"healthy","supabase":"healthy","system":"warning"}}
{"timestamp":"2025-09-01T05:19:55.170Z","type":"health_check","status":"error","details":{"database":"healthy","supabase":"healthy","system":"error"}}
{"timestamp":"2025-09-01T05:20:08.499Z","type":"health_check","status":"warning","details":{"database":"healthy","supabase":"healthy","system":"warning"}}
{"timestamp":"2025-09-01T05:20:55.645Z","type":"health_check","status":"warning","details":{"database":"healthy","supabase":"healthy","system":"warning"}}
{"timestamp":"2025-09-01T05:21:08.759Z","type":"health_check","status":"warning","details":{"database":"healthy","supabase":"healthy","system":"warning"}}
{"timestamp":"2025-09-01T05:21:56.319Z","type":"health_check","status":"error","details":{"database":"healthy","supabase":"healthy","system":"error"}}
{"timestamp":"2025-09-01T05:22:08.978Z","type":"health_check","status":"warning","details":{"database":"healthy","supabase":"healthy","system":"warning"}}
{"timestamp":"2025-09-01T05:22:56.629Z","type":"health_check","status":"warning","details":{"database":"healthy","supabase":"healthy","system":"warning"}}
{"timestamp":"2025-09-01T05:23:09.227Z","type":"health_check","status":"warning","details":{"database":"healthy","supabase":"healthy","system":"warning"}}
{"timestamp":"2025-09-01T05:23:57.266Z","type":"health_check","status":"warning","details":{"database":"healthy","supabase":"healthy","system":"warning"}}
{"timestamp":"2025-09-01T05:24:09.509Z","type":"health_check","status":"error","details":{"database":"healthy","supabase":"healthy","system":"error"}}
{"timestamp":"2025-09-01T05:24:57.577Z","type":"health_check","status":"healthy","details":{"database":"healthy","supabase":"healthy","system":"healthy"}}
{"timestamp":"2025-09-01T05:25:09.861Z","type":"health_check","status":"healthy","details":{"database":"healthy","supabase":"healthy","system":"healthy"}}
{"timestamp":"2025-09-01T05:25:42.900Z","type":"health_check","status":"warning","details":{"database":"healthy","supabase":"healthy","system":"warning"}}
{"timestamp":"2025-09-01T05:25:55.190Z","type":"health_check","status":"warning","details":{"database":"healthy","supabase":"healthy","system":"warning"}}
{"timestamp":"2025-09-01T05:26:43.245Z","type":"health_check","status":"error","details":{"database":"healthy","supabase":"healthy","system":"error"}}
{"timestamp":"2025-09-01T05:26:55.498Z","type":"health_check","status":"warning","details":{"database":"healthy","supabase":"healthy","system":"warning"}}
{"timestamp":"2025-09-01T05:27:43.850Z","type":"health_check","status":"warning","details":{"database":"healthy","supabase":"healthy","system":"warning"}}
{"timestamp":"2025-09-01T05:27:55.799Z","type":"health_check","status":"warning","details":{"database":"healthy","supabase":"healthy","system":"warning"}}
{"timestamp":"2025-09-01T05:28:44.213Z","type":"health_check","status":"warning","details":{"database":"healthy","supabase":"healthy","system":"warning"}}
{"timestamp":"2025-09-01T05:28:56.099Z","type":"health_check","status":"error","details":{"database":"healthy","supabase":"healthy","system":"error"}}
{"timestamp":"2025-09-01T05:29:45.025Z","type":"health_check","status":"warning","details":{"database":"healthy","supabase":"healthy","system":"warning"}}
{"timestamp":"2025-09-01T05:29:56.432Z","type":"health_check","status":"warning","details":{"database":"healthy","supabase":"healthy","system":"warning"}}
{"timestamp":"2025-09-01T05:30:45.375Z","type":"health_check","status":"healthy","details":{"database":"healthy","supabase":"healthy","system":"healthy"}}
{"timestamp":"2025-09-01T05:30:56.729Z","type":"health_check","status":"warning","details":{"database":"healthy","supabase":"healthy","system":"warning"}}
{"timestamp":"2025-09-01T05:31:15.764Z","type":"health_check","status":"warning","details":{"database":"healthy","supabase":"healthy","system":"warning"}}
{"timestamp":"2025-09-01T05:31:57.062Z","type":"health_check","status":"warning","details":{"database":"healthy","supabase":"healthy","system":"warning"}}
{"timestamp":"2025-09-01T05:32:16.077Z","type":"health_check","status":"warning","details":{"database":"healthy","supabase":"healthy","system":"warning"}}
{"timestamp":"2025-09-01T05:32:57.375Z","type":"health_check","status":"warning","details":{"database":"healthy","supabase":"healthy","system":"warning"}}
{"timestamp":"2025-09-01T05:33:16.663Z","type":"health_check","status":"warning","details":{"database":"healthy","supabase":"healthy","system":"warning"}}
{"timestamp":"2025-09-01T05:33:42.743Z","type":"health_check","status":"warning","details":{"database":"healthy","supabase":"healthy","system":"warning"}}
{"timestamp":"2025-09-01T05:34:16.923Z","type":"health_check","status":"warning","details":{"database":"healthy","supabase":"healthy","system":"warning"}}
{"timestamp":"2025-09-01T05:34:43.023Z","type":"health_check","status":"warning","details":{"database":"healthy","supabase":"healthy","system":"warning"}}
{"timestamp":"2025-09-01T05:35:17.541Z","type":"health_check","status":"warning","details":{"database":"healthy","supabase":"healthy","system":"warning"}}
{"timestamp":"2025-09-01T05:35:43.320Z","type":"health_check","status":"warning","details":{"database":"healthy","supabase":"healthy","system":"warning"}}
{"timestamp":"2025-09-01T05:36:02.860Z","type":"health_check","status":"warning","details":{"database":"healthy","supabase":"healthy","system":"warning"}}
{"timestamp":"2025-09-01T05:36:43.651Z","type":"health_check","status":"warning","details":{"database":"healthy","supabase":"healthy","system":"warning"}}
{"timestamp":"2025-09-01T05:37:03.367Z","type":"health_check","status":"healthy","details":{"database":"healthy","supabase":"healthy","system":"healthy"}}
{"timestamp":"2025-09-01T05:37:43.901Z","type":"health_check","status":"warning","details":{"database":"healthy","supabase":"healthy","system":"warning"}}
{"timestamp":"2025-09-01T05:37:48.557Z","type":"health_check","status":"warning","details":{"database":"healthy","supabase":"healthy","system":"warning"}}
{"timestamp":"2025-09-01T05:38:29.492Z","type":"health_check","status":"healthy","details":{"database":"healthy","supabase":"healthy","system":"healthy"}}
{"timestamp":"2025-09-01T05:38:33.845Z","type":"health_check","status":"healthy","details":{"database":"healthy","supabase":"healthy","system":"healthy"}}
{"timestamp":"2025-09-01T05:39:14.793Z","type":"health_check","status":"warning","details":{"database":"healthy","supabase":"healthy","system":"warning"}}
{"timestamp":"2025-09-01T05:39:19.122Z","type":"health_check","status":"warning","details":{"database":"healthy","supabase":"healthy","system":"warning"}}
{"timestamp":"2025-09-01T05:40:04.349Z","type":"health_check","status":"warning","details":{"database":"healthy","supabase":"healthy","system":"warning"}}
{"timestamp":"2025-09-01T05:40:15.122Z","type":"health_check","status":"warning","details":{"database":"healthy","supabase":"healthy","system":"warning"}}
{"timestamp":"2025-09-01T05:57:40.388Z","type":"health_check","status":"warning","details":{"database":"healthy","supabase":"healthy","system":"warning"}}
{"timestamp":"2025-09-01T05:57:40.469Z","type":"health_check","status":"warning","details":{"database":"healthy","supabase":"healthy","system":"warning"}}
{"timestamp":"2025-09-01T05:58:10.481Z","type":"health_check","status":"warning","details":{"database":"healthy","supabase":"healthy","system":"warning"}}
{"timestamp":"2025-09-01T05:58:10.394Z","type":"health_check","status":"warning","details":{"database":"healthy","supabase":"healthy","system":"warning"}}
{"timestamp":"2025-09-01T05:59:11.094Z","type":"health_check","status":"warning","details":{"database":"healthy","supabase":"healthy","system":"warning"}}
{"timestamp":"2025-09-01T05:59:11.063Z","type":"health_check","status":"warning","details":{"database":"healthy","supabase":"healthy","system":"warning"}}
{"timestamp":"2025-09-01T06:00:11.760Z","type":"health_check","status":"warning","details":{"database":"healthy","supabase":"healthy","system":"warning"}}
{"timestamp":"2025-09-01T06:00:11.753Z","type":"health_check","status":"warning","details":{"database":"healthy","supabase":"healthy","system":"warning"}}
{"timestamp":"2025-09-01T06:01:12.724Z","type":"health_check","status":"warning","details":{"database":"healthy","supabase":"healthy","system":"warning"}}
{"timestamp":"2025-09-01T06:01:12.682Z","type":"health_check","status":"warning","details":{"database":"healthy","supabase":"healthy","system":"warning"}}
{"timestamp":"2025-09-01T06:02:13.281Z","type":"health_check","status":"warning","details":{"database":"healthy","supabase":"healthy","system":"warning"}}
{"timestamp":"2025-09-01T06:02:13.450Z","type":"health_check","status":"warning","details":{"database":"healthy","supabase":"healthy","system":"warning"}}
{"timestamp":"2025-09-01T06:03:14.297Z","type":"health_check","status":"healthy","details":{"database":"healthy","supabase":"healthy","system":"healthy"}}
{"timestamp":"2025-09-01T06:03:14.293Z","type":"health_check","status":"healthy","details":{"database":"healthy","supabase":"healthy","system":"healthy"}}
{"timestamp":"2025-09-01T06:04:00.029Z","type":"health_check","status":"warning","details":{"database":"healthy","supabase":"healthy","system":"warning"}}
{"timestamp":"2025-09-01T06:03:59.967Z","type":"health_check","status":"warning","details":{"database":"healthy","supabase":"healthy","system":"warning"}}
{"timestamp":"2025-09-01T06:04:45.925Z","type":"health_check","status":"healthy","details":{"database":"healthy","supabase":"healthy","system":"healthy"}}
{"timestamp":"2025-09-01T06:04:45.726Z","type":"health_check","status":"healthy","details":{"database":"healthy","supabase":"healthy","system":"healthy"}}
{"timestamp":"2025-09-01T06:05:31.510Z","type":"health_check","status":"warning","details":{"database":"healthy","supabase":"healthy","system":"warning"}}
{"timestamp":"2025-09-01T06:05:31.633Z","type":"health_check","status":"warning","details":{"database":"healthy","supabase":"healthy","system":"warning"}}
{"timestamp":"2025-09-01T06:06:17.222Z","type":"health_check","status":"warning","details":{"database":"healthy","supabase":"healthy","system":"warning"}}
{"timestamp":"2025-09-01T06:06:17.207Z","type":"health_check","status":"warning","details":{"database":"healthy","supabase":"healthy","system":"warning"}}
{"timestamp":"2025-09-01T06:42:53.559Z","type":"health_check","status":"error","details":{"database":"error","supabase":"warning","system":"warning"}}
{"timestamp":"2025-09-01T06:42:53.580Z","type":"health_check","status":"error","details":{"database":"error","supabase":"warning","system":"warning"}}
{"timestamp":"2025-09-01T08:23:03.706Z","type":"health_check","status":"error","details":{"database":"error","supabase":"warning","system":"warning"}}
{"timestamp":"2025-09-01T08:23:03.709Z","type":"health_check","status":"error","details":{"database":"error","supabase":"warning","system":"warning"}}
{"timestamp":"2025-09-01T08:24:06.341Z","type":"health_check","status":"warning","details":{"database":"healthy","supabase":"healthy","system":"warning"}}
{"timestamp":"2025-09-01T08:24:06.554Z","type":"health_check","status":"warning","details":{"database":"healthy","supabase":"healthy","system":"warning"}}
{"timestamp":"2025-09-01T08:24:52.417Z","type":"health_check","status":"healthy","details":{"database":"healthy","supabase":"healthy","system":"healthy"}}
{"timestamp":"2025-09-01T08:24:52.433Z","type":"health_check","status":"healthy","details":{"database":"healthy","supabase":"healthy","system":"healthy"}}
{"timestamp":"2025-09-01T08:25:37.654Z","type":"health_check","status":"warning","details":{"database":"healthy","supabase":"healthy","system":"warning"}}
{"timestamp":"2025-09-01T08:25:37.634Z","type":"health_check","status":"warning","details":{"database":"healthy","supabase":"healthy","system":"warning"}}
{"timestamp":"2025-09-01T08:26:37.937Z","type":"health_check","status":"warning","details":{"database":"healthy","supabase":"healthy","system":"warning"}}
{"timestamp":"2025-09-01T08:26:37.945Z","type":"health_check","status":"warning","details":{"database":"healthy","supabase":"healthy","system":"warning"}}
{"timestamp":"2025-09-01T08:27:38.572Z","type":"health_check","status":"warning","details":{"database":"healthy","supabase":"healthy","system":"warning"}}
{"timestamp":"2025-09-01T08:27:38.587Z","type":"health_check","status":"warning","details":{"database":"healthy","supabase":"healthy","system":"warning"}}
{"timestamp":"2025-09-01T08:28:38.949Z","type":"health_check","status":"error","details":{"database":"healthy","supabase":"healthy","system":"error"}}
{"timestamp":"2025-09-01T08:28:38.994Z","type":"health_check","status":"error","details":{"database":"healthy","supabase":"healthy","system":"error"}}
{"timestamp":"2025-09-01T08:29:39.606Z","type":"health_check","status":"warning","details":{"database":"healthy","supabase":"healthy","system":"warning"}}
{"timestamp":"2025-09-01T08:29:39.637Z","type":"health_check","status":"warning","details":{"database":"healthy","supabase":"healthy","system":"warning"}}
{"timestamp":"2025-09-01T08:30:39.921Z","type":"health_check","status":"warning","details":{"database":"healthy","supabase":"healthy","system":"warning"}}
{"timestamp":"2025-09-01T08:30:39.925Z","type":"health_check","status":"warning","details":{"database":"healthy","supabase":"healthy","system":"warning"}}
{"timestamp":"2025-09-01T08:31:40.502Z","type":"health_check","status":"error","details":{"database":"healthy","supabase":"healthy","system":"error"}}
{"timestamp":"2025-09-01T08:31:40.567Z","type":"health_check","status":"error","details":{"database":"healthy","supabase":"healthy","system":"error"}}
{"timestamp":"2025-09-01T08:32:40.882Z","type":"health_check","status":"error","details":{"database":"healthy","supabase":"healthy","system":"error"}}
{"timestamp":"2025-09-01T08:32:40.782Z","type":"health_check","status":"error","details":{"database":"healthy","supabase":"healthy","system":"error"}}
{"timestamp":"2025-09-01T08:33:41.203Z","type":"health_check","status":"healthy","details":{"database":"healthy","supabase":"healthy","system":"healthy"}}
{"timestamp":"2025-09-01T08:33:41.252Z","type":"health_check","status":"healthy","details":{"database":"healthy","supabase":"healthy","system":"healthy"}}
{"timestamp":"2025-09-01T08:34:11.536Z","type":"health_check","status":"healthy","details":{"database":"healthy","supabase":"healthy","system":"healthy"}}
{"timestamp":"2025-09-01T08:34:11.539Z","type":"health_check","status":"healthy","details":{"database":"healthy","supabase":"healthy","system":"healthy"}}
{"timestamp":"2025-09-01T08:34:41.814Z","type":"health_check","status":"healthy","details":{"database":"healthy","supabase":"healthy","system":"healthy"}}
{"timestamp":"2025-09-01T08:34:41.828Z","type":"health_check","status":"healthy","details":{"database":"healthy","supabase":"healthy","system":"healthy"}}
{"timestamp":"2025-09-01T08:35:12.831Z","type":"health_check","status":"healthy","details":{"database":"healthy","supabase":"healthy","system":"healthy"}}
{"timestamp":"2025-09-01T08:35:12.783Z","type":"health_check","status":"healthy","details":{"database":"healthy","supabase":"healthy","system":"healthy"}}
{"timestamp":"2025-09-01T08:35:43.129Z","type":"health_check","status":"healthy","details":{"database":"healthy","supabase":"healthy","system":"healthy"}}
{"timestamp":"2025-09-01T08:35:43.127Z","type":"health_check","status":"healthy","details":{"database":"healthy","supabase":"healthy","system":"healthy"}}
{"timestamp":"2025-09-01T08:36:13.512Z","type":"health_check","status":"warning","details":{"database":"healthy","supabase":"healthy","system":"warning"}}
{"timestamp":"2025-09-01T08:36:13.556Z","type":"health_check","status":"warning","details":{"database":"healthy","supabase":"healthy","system":"warning"}}
{"timestamp":"2025-09-01T08:37:13.705Z","type":"health_check","status":"warning","details":{"database":"healthy","supabase":"healthy","system":"warning"}}
{"timestamp":"2025-09-01T08:37:13.821Z","type":"health_check","status":"warning","details":{"database":"healthy","supabase":"healthy","system":"warning"}}
{"timestamp":"2025-09-01T08:38:14.274Z","type":"health_check","status":"warning","details":{"database":"healthy","supabase":"healthy","system":"warning"}}
{"timestamp":"2025-09-01T08:38:14.346Z","type":"health_check","status":"warning","details":{"database":"healthy","supabase":"healthy","system":"warning"}}
{"timestamp":"2025-09-01T08:39:14.544Z","type":"health_check","status":"warning","details":{"database":"healthy","supabase":"healthy","system":"warning"}}
{"timestamp":"2025-09-01T08:39:14.591Z","type":"health_check","status":"warning","details":{"database":"healthy","supabase":"healthy","system":"warning"}}
{"timestamp":"2025-09-01T08:40:15.128Z","type":"health_check","status":"error","details":{"database":"healthy","supabase":"healthy","system":"error"}}
{"timestamp":"2025-09-01T08:40:15.268Z","type":"health_check","status":"error","details":{"database":"healthy","supabase":"healthy","system":"error"}}
{"timestamp":"2025-09-01T08:41:15.520Z","type":"health_check","status":"warning","details":{"database":"healthy","supabase":"healthy","system":"warning"}}
{"timestamp":"2025-09-01T08:41:15.450Z","type":"health_check","status":"warning","details":{"database":"healthy","supabase":"healthy","system":"warning"}}
{"timestamp":"2025-09-01T08:42:15.791Z","type":"health_check","status":"error","details":{"database":"healthy","supabase":"healthy","system":"error"}}
{"timestamp":"2025-09-01T08:42:15.943Z","type":"health_check","status":"error","details":{"database":"healthy","supabase":"healthy","system":"error"}}
{"timestamp":"2025-09-01T08:43:16.138Z","type":"health_check","status":"error","details":{"database":"healthy","supabase":"healthy","system":"error"}}
{"timestamp":"2025-09-01T08:43:16.092Z","type":"health_check","status":"error","details":{"database":"healthy","supabase":"healthy","system":"error"}}
{"timestamp":"2025-09-01T08:44:16.425Z","type":"health_check","status":"error","details":{"database":"healthy","supabase":"healthy","system":"error"}}
{"timestamp":"2025-09-01T08:44:16.626Z","type":"health_check","status":"error","details":{"database":"healthy","supabase":"healthy","system":"error"}}
{"timestamp":"2025-09-01T08:45:16.859Z","type":"health_check","status":"warning","details":{"database":"healthy","supabase":"healthy","system":"warning"}}
{"timestamp":"2025-09-01T08:45:16.743Z","type":"health_check","status":"error","details":{"database":"healthy","supabase":"healthy","system":"error"}}
{"timestamp":"2025-09-01T08:46:17.871Z","type":"health_check","status":"error","details":{"database":"healthy","supabase":"healthy","system":"error"}}
{"timestamp":"2025-09-01T08:46:17.877Z","type":"health_check","status":"error","details":{"database":"warning","supabase":"healthy","system":"error"}}
{"timestamp":"2025-09-01T08:47:18.709Z","type":"health_check","status":"error","details":{"database":"healthy","supabase":"healthy","system":"error"}}
{"timestamp":"2025-09-01T08:47:19.134Z","type":"health_check","status":"error","details":{"database":"healthy","supabase":"healthy","system":"error"}}
{"timestamp":"2025-09-01T08:48:19.369Z","type":"health_check","status":"warning","details":{"database":"healthy","supabase":"healthy","system":"warning"}}
{"timestamp":"2025-09-01T08:48:19.334Z","type":"health_check","status":"warning","details":{"database":"healthy","supabase":"healthy","system":"warning"}}
{"timestamp":"2025-09-01T08:49:19.642Z","type":"health_check","status":"error","details":{"database":"healthy","supabase":"healthy","system":"error"}}
{"timestamp":"2025-09-01T08:49:19.689Z","type":"health_check","status":"error","details":{"database":"healthy","supabase":"healthy","system":"error"}}
{"timestamp":"2025-09-01T08:50:03.719Z","type":"health_check","status":"warning","details":{"database":"healthy","supabase":"healthy","system":"warning"}}
{"timestamp":"2025-09-01T08:50:03.758Z","type":"health_check","status":"warning","details":{"database":"healthy","supabase":"healthy","system":"warning"}}
{"timestamp":"2025-09-01T08:50:33.765Z","type":"health_check","status":"warning","details":{"database":"healthy","supabase":"healthy","system":"warning"}}
{"timestamp":"2025-09-01T08:50:33.725Z","type":"health_check","status":"warning","details":{"database":"healthy","supabase":"healthy","system":"warning"}}
{"timestamp":"2025-09-01T08:51:19.131Z","type":"health_check","status":"error","details":{"database":"healthy","supabase":"healthy","system":"error"}}
{"timestamp":"2025-09-01T08:51:19.133Z","type":"health_check","status":"warning","details":{"database":"healthy","supabase":"healthy","system":"warning"}}
{"timestamp":"2025-09-01T08:51:26.247Z","type":"health_check","status":"warning","details":{"database":"healthy","supabase":"healthy","system":"warning"}}
{"timestamp":"2025-09-01T08:51:26.282Z","type":"health_check","status":"warning","details":{"database":"healthy","supabase":"healthy","system":"warning"}}
{"timestamp":"2025-09-01T08:51:56.262Z","type":"health_check","status":"warning","details":{"database":"healthy","supabase":"healthy","system":"warning"}}
{"timestamp":"2025-09-01T08:51:56.286Z","type":"health_check","status":"warning","details":{"database":"healthy","supabase":"healthy","system":"warning"}}
{"timestamp":"2025-09-01T08:52:38.599Z","type":"health_check","status":"warning","details":{"database":"healthy","supabase":"healthy","system":"warning"}}
{"timestamp":"2025-09-01T08:52:38.566Z","type":"health_check","status":"warning","details":{"database":"healthy","supabase":"healthy","system":"warning"}}
{"timestamp":"2025-09-01T08:53:08.602Z","type":"health_check","status":"warning","details":{"database":"healthy","supabase":"healthy","system":"warning"}}
{"timestamp":"2025-09-01T08:53:08.572Z","type":"health_check","status":"warning","details":{"database":"healthy","supabase":"healthy","system":"warning"}}
{"timestamp":"2025-09-01T08:53:54.072Z","type":"health_check","status":"warning","details":{"database":"healthy","supabase":"healthy","system":"warning"}}
{"timestamp":"2025-09-01T08:54:08.930Z","type":"health_check","status":"warning","details":{"database":"healthy","supabase":"healthy","system":"warning"}}
{"timestamp":"2025-09-01T08:54:54.462Z","type":"health_check","status":"warning","details":{"database":"healthy","supabase":"healthy","system":"warning"}}
{"timestamp":"2025-09-01T08:55:09.316Z","type":"health_check","status":"warning","details":{"database":"healthy","supabase":"healthy","system":"warning"}}
{"timestamp":"2025-09-01T08:55:54.639Z","type":"health_check","status":"warning","details":{"database":"healthy","supabase":"healthy","system":"warning"}}
{"timestamp":"2025-09-01T08:55:55.087Z","type":"health_check","status":"warning","details":{"database":"healthy","supabase":"healthy","system":"warning"}}
{"timestamp":"2025-09-01T08:56:55.257Z","type":"health_check","status":"warning","details":{"database":"healthy","supabase":"healthy","system":"warning"}}
{"timestamp":"2025-09-01T08:56:54.903Z","type":"health_check","status":"warning","details":{"database":"healthy","supabase":"healthy","system":"warning"}}
{"timestamp":"2025-09-01T08:57:55.466Z","type":"health_check","status":"healthy","details":{"database":"healthy","supabase":"healthy","system":"healthy"}}
{"timestamp":"2025-09-01T08:57:55.526Z","type":"health_check","status":"healthy","details":{"database":"healthy","supabase":"healthy","system":"healthy"}}
{"timestamp":"2025-09-01T08:58:25.944Z","type":"health_check","status":"warning","details":{"database":"healthy","supabase":"healthy","system":"warning"}}
{"timestamp":"2025-09-01T08:58:26.156Z","type":"health_check","status":"warning","details":{"database":"healthy","supabase":"healthy","system":"warning"}}
{"timestamp":"2025-09-01T08:59:26.381Z","type":"health_check","status":"warning","details":{"database":"healthy","supabase":"healthy","system":"warning"}}
{"timestamp":"2025-09-01T08:59:26.319Z","type":"health_check","status":"warning","details":{"database":"healthy","supabase":"healthy","system":"warning"}}
{"timestamp":"2025-09-01T09:00:27.024Z","type":"health_check","status":"error","details":{"database":"healthy","supabase":"healthy","system":"error"}}
{"timestamp":"2025-09-01T09:00:27.083Z","type":"health_check","status":"error","details":{"database":"healthy","supabase":"healthy","system":"error"}}
{"timestamp":"2025-09-01T09:01:27.375Z","type":"health_check","status":"error","details":{"database":"healthy","supabase":"healthy","system":"error"}}
{"timestamp":"2025-09-01T09:01:27.407Z","type":"health_check","status":"warning","details":{"database":"healthy","supabase":"warning","system":"warning"}}
{"timestamp":"2025-09-01T09:02:27.713Z","type":"health_check","status":"warning","details":{"database":"healthy","supabase":"healthy","system":"warning"}}
{"timestamp":"2025-09-01T09:03:28.064Z","type":"health_check","status":"warning","details":{"database":"healthy","supabase":"healthy","system":"warning"}}
{"timestamp":"2025-09-01T09:03:27.713Z","type":"health_check","status":"warning","details":{"database":"healthy","supabase":"warning","system":"warning"}}
{"timestamp":"2025-09-01T09:04:28.385Z","type":"health_check","status":"error","details":{"database":"healthy","supabase":"healthy","system":"error"}}
{"timestamp":"2025-09-01T09:05:22.159Z","type":"health_check","status":"warning","details":{"database":"healthy","supabase":"healthy","system":"warning"}}
{"timestamp":"2025-09-01T09:05:29.071Z","type":"health_check","status":"error","details":{"database":"healthy","supabase":"healthy","system":"error"}}
{"timestamp":"2025-09-01T09:06:22.875Z","type":"health_check","status":"healthy","details":{"database":"healthy","supabase":"healthy","system":"healthy"}}
{"timestamp":"2025-09-01T09:06:29.480Z","type":"health_check","status":"healthy","details":{"database":"healthy","supabase":"healthy","system":"healthy"}}
{"timestamp":"2025-09-01T09:06:53.215Z","type":"health_check","status":"healthy","details":{"database":"healthy","supabase":"healthy","system":"healthy"}}
{"timestamp":"2025-09-01T09:06:59.758Z","type":"health_check","status":"healthy","details":{"database":"healthy","supabase":"healthy","system":"healthy"}}
{"timestamp":"2025-09-01T09:07:38.563Z","type":"health_check","status":"healthy","details":{"database":"healthy","supabase":"healthy","system":"healthy"}}
{"timestamp":"2025-09-01T09:07:45.121Z","type":"health_check","status":"healthy","details":{"database":"healthy","supabase":"healthy","system":"healthy"}}
{"timestamp":"2025-09-01T09:08:24.255Z","type":"health_check","status":"healthy","details":{"database":"healthy","supabase":"healthy","system":"healthy"}}
{"timestamp":"2025-09-01T09:08:30.401Z","type":"health_check","status":"healthy","details":{"database":"healthy","supabase":"healthy","system":"healthy"}}
{"timestamp":"2025-09-01T09:08:54.537Z","type":"health_check","status":"healthy","details":{"database":"healthy","supabase":"healthy","system":"healthy"}}
{"timestamp":"2025-09-01T09:09:00.750Z","type":"health_check","status":"healthy","details":{"database":"healthy","supabase":"healthy","system":"healthy"}}
{"timestamp":"2025-09-01T09:09:24.890Z","type":"health_check","status":"healthy","details":{"database":"healthy","supabase":"healthy","system":"healthy"}}
{"timestamp":"2025-09-01T09:09:31.130Z","type":"health_check","status":"healthy","details":{"database":"healthy","supabase":"healthy","system":"healthy"}}
{"timestamp":"2025-09-01T09:09:55.526Z","type":"health_check","status":"healthy","details":{"database":"healthy","supabase":"healthy","system":"healthy"}}
{"timestamp":"2025-09-01T09:10:01.445Z","type":"health_check","status":"healthy","details":{"database":"healthy","supabase":"healthy","system":"healthy"}}
{"timestamp":"2025-09-01T09:10:31.945Z","type":"health_check","status":"healthy","details":{"database":"healthy","supabase":"healthy","system":"healthy"}}
{"timestamp":"2025-09-01T09:11:02.362Z","type":"health_check","status":"healthy","details":{"database":"healthy","supabase":"healthy","system":"healthy"}}
{"timestamp":"2025-09-01T09:10:25.805Z","type":"health_check","status":"warning","details":{"database":"healthy","supabase":"warning","system":"healthy"}}
{"timestamp":"2025-09-01T09:11:32.718Z","type":"health_check","status":"warning","details":{"database":"healthy","supabase":"healthy","system":"warning"}}
{"timestamp":"2025-09-01T09:11:56.091Z","type":"health_check","status":"healthy","details":{"database":"healthy","supabase":"healthy","system":"healthy"}}
{"timestamp":"2025-09-01T09:12:18.078Z","type":"health_check","status":"error","details":{"database":"healthy","supabase":"healthy","system":"error"}}
{"timestamp":"2025-09-01T09:12:26.446Z","type":"health_check","status":"warning","details":{"database":"healthy","supabase":"healthy","system":"warning"}}
{"timestamp":"2025-09-01T09:13:18.377Z","type":"health_check","status":"warning","details":{"database":"healthy","supabase":"healthy","system":"warning"}}
{"timestamp":"2025-09-01T09:13:26.771Z","type":"health_check","status":"warning","details":{"database":"healthy","supabase":"healthy","system":"warning"}}
{"timestamp":"2025-09-01T09:14:19.030Z","type":"health_check","status":"error","details":{"database":"healthy","supabase":"healthy","system":"error"}}
{"timestamp":"2025-09-01T09:14:27.079Z","type":"health_check","status":"error","details":{"database":"healthy","supabase":"healthy","system":"error"}}
{"timestamp":"2025-09-01T09:15:19.365Z","type":"health_check","status":"warning","details":{"database":"healthy","supabase":"healthy","system":"warning"}}
{"timestamp":"2025-09-01T09:15:27.430Z","type":"health_check","status":"error","details":{"database":"healthy","supabase":"healthy","system":"error"}}
{"timestamp":"2025-09-01T09:16:20.038Z","type":"health_check","status":"error","details":{"database":"healthy","supabase":"healthy","system":"error"}}
{"timestamp":"2025-09-01T09:16:27.731Z","type":"health_check","status":"healthy","details":{"database":"healthy","supabase":"healthy","system":"healthy"}}
{"timestamp":"2025-09-01T09:16:58.082Z","type":"health_check","status":"error","details":{"database":"healthy","supabase":"healthy","system":"error"}}
{"timestamp":"2025-09-01T09:17:20.266Z","type":"health_check","status":"warning","details":{"database":"healthy","supabase":"healthy","system":"warning"}}
{"timestamp":"2025-09-01T09:17:58.463Z","type":"health_check","status":"error","details":{"database":"healthy","supabase":"healthy","system":"error"}}
{"timestamp":"2025-09-02T01:01:11.774Z","type":"health_check","status":"warning","details":{"database":"warning","supabase":"healthy","system":"warning"}}
{"timestamp":"2025-09-02T01:01:11.809Z","type":"health_check","status":"warning","details":{"database":"warning","supabase":"healthy","system":"warning"}}
{"timestamp":"2025-09-02T01:01:41.822Z","type":"health_check","status":"warning","details":{"database":"healthy","supabase":"healthy","system":"warning"}}
{"timestamp":"2025-09-02T01:01:41.776Z","type":"health_check","status":"warning","details":{"database":"healthy","supabase":"healthy","system":"warning"}}
{"timestamp":"2025-09-02T01:02:42.146Z","type":"health_check","status":"warning","details":{"database":"healthy","supabase":"healthy","system":"warning"}}
{"timestamp":"2025-09-02T01:02:42.149Z","type":"health_check","status":"warning","details":{"database":"healthy","supabase":"healthy","system":"warning"}}
{"timestamp":"2025-09-02T01:03:27.439Z","type":"health_check","status":"warning","details":{"database":"healthy","supabase":"healthy","system":"warning"}}
{"timestamp":"2025-09-02T01:03:42.543Z","type":"health_check","status":"warning","details":{"database":"healthy","supabase":"healthy","system":"warning"}}
{"timestamp":"2025-09-02T01:04:28.221Z","type":"health_check","status":"warning","details":{"database":"healthy","supabase":"healthy","system":"warning"}}
{"timestamp":"2025-09-02T01:04:42.880Z","type":"health_check","status":"warning","details":{"database":"healthy","supabase":"healthy","system":"warning"}}
{"timestamp":"2025-09-02T01:05:28.500Z","type":"health_check","status":"warning","details":{"database":"healthy","supabase":"healthy","system":"warning"}}
{"timestamp":"2025-09-02T01:05:43.454Z","type":"health_check","status":"warning","details":{"database":"healthy","supabase":"healthy","system":"warning"}}
{"timestamp":"2025-09-02T01:06:29.296Z","type":"health_check","status":"warning","details":{"database":"healthy","supabase":"healthy","system":"warning"}}
{"timestamp":"2025-09-02T01:06:43.751Z","type":"health_check","status":"warning","details":{"database":"healthy","supabase":"healthy","system":"warning"}}
{"timestamp":"2025-09-02T01:07:29.820Z","type":"health_check","status":"warning","details":{"database":"healthy","supabase":"healthy","system":"warning"}}
{"timestamp":"2025-09-02T01:07:44.033Z","type":"health_check","status":"warning","details":{"database":"healthy","supabase":"healthy","system":"warning"}}
{"timestamp":"2025-09-02T01:08:30.426Z","type":"health_check","status":"warning","details":{"database":"healthy","supabase":"healthy","system":"warning"}}
{"timestamp":"2025-09-02T01:08:44.453Z","type":"health_check","status":"healthy","details":{"database":"healthy","supabase":"healthy","system":"healthy"}}
{"timestamp":"2025-09-02T01:09:14.746Z","type":"health_check","status":"healthy","details":{"database":"healthy","supabase":"healthy","system":"healthy"}}
{"timestamp":"2025-09-02T01:09:30.663Z","type":"health_check","status":"healthy","details":{"database":"healthy","supabase":"healthy","system":"healthy"}}
{"timestamp":"2025-09-02T01:09:45.319Z","type":"health_check","status":"healthy","details":{"database":"healthy","supabase":"healthy","system":"healthy"}}
{"timestamp":"2025-09-02T01:10:15.648Z","type":"health_check","status":"healthy","details":{"database":"healthy","supabase":"healthy","system":"healthy"}}
{"timestamp":"2025-09-02T01:10:15.956Z","type":"health_check","status":"healthy","details":{"database":"healthy","supabase":"healthy","system":"healthy"}}
{"timestamp":"2025-09-02T01:11:01.101Z","type":"health_check","status":"healthy","details":{"database":"healthy","supabase":"healthy","system":"healthy"}}
{"timestamp":"2025-09-02T01:11:00.947Z","type":"health_check","status":"healthy","details":{"database":"healthy","supabase":"healthy","system":"healthy"}}
{"timestamp":"2025-09-02T01:11:46.531Z","type":"health_check","status":"healthy","details":{"database":"healthy","supabase":"healthy","system":"healthy"}}
{"timestamp":"2025-09-02T01:11:46.454Z","type":"health_check","status":"healthy","details":{"database":"healthy","supabase":"healthy","system":"healthy"}}
{"timestamp":"2025-09-02T01:12:31.842Z","type":"health_check","status":"warning","details":{"database":"healthy","supabase":"healthy","system":"warning"}}
{"timestamp":"2025-09-02T01:12:31.837Z","type":"health_check","status":"warning","details":{"database":"healthy","supabase":"healthy","system":"warning"}}
{"timestamp":"2025-09-02T01:13:17.157Z","type":"health_check","status":"warning","details":{"database":"healthy","supabase":"healthy","system":"warning"}}
{"timestamp":"2025-09-02T01:13:17.149Z","type":"health_check","status":"warning","details":{"database":"healthy","supabase":"healthy","system":"warning"}}
{"timestamp":"2025-09-02T01:14:02.752Z","type":"health_check","status":"warning","details":{"database":"healthy","supabase":"healthy","system":"warning"}}
{"timestamp":"2025-09-02T01:14:02.737Z","type":"health_check","status":"warning","details":{"database":"healthy","supabase":"healthy","system":"warning"}}
{"timestamp":"2025-09-02T01:14:48.040Z","type":"health_check","status":"warning","details":{"database":"healthy","supabase":"healthy","system":"warning"}}
{"timestamp":"2025-09-02T01:14:48.026Z","type":"health_check","status":"warning","details":{"database":"healthy","supabase":"healthy","system":"warning"}}
{"timestamp":"2025-09-02T01:15:48.303Z","type":"health_check","status":"warning","details":{"database":"healthy","supabase":"healthy","system":"warning"}}
{"timestamp":"2025-09-02T01:15:48.307Z","type":"health_check","status":"warning","details":{"database":"healthy","supabase":"healthy","system":"warning"}}
{"timestamp":"2025-09-02T01:16:48.910Z","type":"health_check","status":"warning","details":{"database":"healthy","supabase":"healthy","system":"warning"}}
{"timestamp":"2025-09-02T01:16:48.925Z","type":"health_check","status":"warning","details":{"database":"healthy","supabase":"healthy","system":"warning"}}
{"timestamp":"2025-09-02T01:17:49.173Z","type":"health_check","status":"healthy","details":{"database":"healthy","supabase":"healthy","system":"healthy"}}
{"timestamp":"2025-09-02T01:17:49.169Z","type":"health_check","status":"healthy","details":{"database":"healthy","supabase":"healthy","system":"healthy"}}
{"timestamp":"2025-09-02T01:18:19.658Z","type":"health_check","status":"healthy","details":{"database":"healthy","supabase":"healthy","system":"healthy"}}
{"timestamp":"2025-09-02T01:18:19.719Z","type":"health_check","status":"healthy","details":{"database":"healthy","supabase":"healthy","system":"healthy"}}
{"timestamp":"2025-09-02T01:18:49.977Z","type":"health_check","status":"healthy","details":{"database":"healthy","supabase":"healthy","system":"healthy"}}
{"timestamp":"2025-09-02T01:18:50.008Z","type":"health_check","status":"healthy","details":{"database":"healthy","supabase":"healthy","system":"healthy"}}
{"timestamp":"2025-09-02T01:19:20.273Z","type":"health_check","status":"healthy","details":{"database":"healthy","supabase":"healthy","system":"healthy"}}
{"timestamp":"2025-09-02T01:19:20.243Z","type":"health_check","status":"healthy","details":{"database":"healthy","supabase":"healthy","system":"healthy"}}
{"timestamp":"2025-09-02T01:19:50.573Z","type":"health_check","status":"healthy","details":{"database":"healthy","supabase":"healthy","system":"healthy"}}
{"timestamp":"2025-09-02T01:19:50.604Z","type":"health_check","status":"healthy","details":{"database":"healthy","supabase":"healthy","system":"healthy"}}
{"timestamp":"2025-09-02T01:20:21.119Z","type":"health_check","status":"healthy","details":{"database":"healthy","supabase":"healthy","system":"healthy"}}
{"timestamp":"2025-09-02T01:20:21.149Z","type":"health_check","status":"healthy","details":{"database":"healthy","supabase":"healthy","system":"healthy"}}
{"timestamp":"2025-09-02T01:20:51.753Z","type":"health_check","status":"healthy","details":{"database":"healthy","supabase":"healthy","system":"healthy"}}
{"timestamp":"2025-09-02T01:20:51.722Z","type":"health_check","status":"healthy","details":{"database":"healthy","supabase":"healthy","system":"healthy"}}
{"timestamp":"2025-09-02T01:21:22.017Z","type":"health_check","status":"healthy","details":{"database":"healthy","supabase":"healthy","system":"healthy"}}
{"timestamp":"2025-09-02T01:21:21.997Z","type":"health_check","status":"healthy","details":{"database":"healthy","supabase":"healthy","system":"healthy"}}
{"timestamp":"2025-09-02T01:21:52.360Z","type":"health_check","status":"healthy","details":{"database":"healthy","supabase":"healthy","system":"healthy"}}
{"timestamp":"2025-09-02T01:21:52.498Z","type":"health_check","status":"healthy","details":{"database":"healthy","supabase":"healthy","system":"healthy"}}
{"timestamp":"2025-09-02T01:22:37.944Z","type":"health_check","status":"healthy","details":{"database":"healthy","supabase":"healthy","system":"healthy"}}
{"timestamp":"2025-09-02T01:22:37.989Z","type":"health_check","status":"healthy","details":{"database":"healthy","supabase":"healthy","system":"healthy"}}
{"timestamp":"2025-09-02T01:23:23.217Z","type":"health_check","status":"healthy","details":{"database":"healthy","supabase":"healthy","system":"healthy"}}
{"timestamp":"2025-09-02T01:23:23.277Z","type":"health_check","status":"healthy","details":{"database":"healthy","supabase":"healthy","system":"healthy"}}
{"timestamp":"2025-09-02T01:24:08.513Z","type":"health_check","status":"warning","details":{"database":"healthy","supabase":"healthy","system":"warning"}}
{"timestamp":"2025-09-02T01:24:08.515Z","type":"health_check","status":"healthy","details":{"database":"healthy","supabase":"healthy","system":"healthy"}}
{"timestamp":"2025-09-02T01:24:54.355Z","type":"health_check","status":"healthy","details":{"database":"healthy","supabase":"healthy","system":"healthy"}}
{"timestamp":"2025-09-02T01:24:54.401Z","type":"health_check","status":"healthy","details":{"database":"healthy","supabase":"healthy","system":"healthy"}}
{"timestamp":"2025-09-02T01:25:39.698Z","type":"health_check","status":"warning","details":{"database":"healthy","supabase":"healthy","system":"warning"}}
{"timestamp":"2025-09-02T01:25:39.896Z","type":"health_check","status":"warning","details":{"database":"healthy","supabase":"healthy","system":"warning"}}
{"timestamp":"2025-09-02T01:26:25.029Z","type":"health_check","status":"warning","details":{"database":"healthy","supabase":"healthy","system":"warning"}}
{"timestamp":"2025-09-02T01:26:25.106Z","type":"health_check","status":"warning","details":{"database":"healthy","supabase":"healthy","system":"warning"}}
{"timestamp":"2025-09-02T01:27:10.676Z","type":"health_check","status":"warning","details":{"database":"healthy","supabase":"healthy","system":"warning"}}
{"timestamp":"2025-09-02T01:27:10.661Z","type":"health_check","status":"warning","details":{"database":"healthy","supabase":"healthy","system":"warning"}}
{"timestamp":"2025-09-02T01:27:55.957Z","type":"health_check","status":"healthy","details":{"database":"healthy","supabase":"healthy","system":"healthy"}}
{"timestamp":"2025-09-02T01:27:55.988Z","type":"health_check","status":"healthy","details":{"database":"healthy","supabase":"healthy","system":"healthy"}}
{"timestamp":"2025-09-02T01:28:26.241Z","type":"health_check","status":"healthy","details":{"database":"healthy","supabase":"healthy","system":"healthy"}}
{"timestamp":"2025-09-02T01:28:26.303Z","type":"health_check","status":"healthy","details":{"database":"healthy","supabase":"healthy","system":"healthy"}}
{"timestamp":"2025-09-02T01:28:56.849Z","type":"health_check","status":"healthy","details":{"database":"healthy","supabase":"healthy","system":"healthy"}}
{"timestamp":"2025-09-02T01:28:56.856Z","type":"health_check","status":"healthy","details":{"database":"healthy","supabase":"healthy","system":"healthy"}}
{"timestamp":"2025-09-02T01:29:27.177Z","type":"health_check","status":"healthy","details":{"database":"healthy","supabase":"healthy","system":"healthy"}}
{"timestamp":"2025-09-02T01:29:28.176Z","type":"health_check","status":"healthy","details":{"database":"healthy","supabase":"healthy","system":"healthy"}}
{"timestamp":"2025-09-02T01:29:57.509Z","type":"health_check","status":"healthy","details":{"database":"healthy","supabase":"healthy","system":"healthy"}}
{"timestamp":"2025-09-02T01:29:58.322Z","type":"health_check","status":"healthy","details":{"database":"healthy","supabase":"healthy","system":"healthy"}}
{"timestamp":"2025-09-02T01:30:27.854Z","type":"health_check","status":"healthy","details":{"database":"healthy","supabase":"healthy","system":"healthy"}}
{"timestamp":"2025-09-02T01:30:28.473Z","type":"health_check","status":"healthy","details":{"database":"healthy","supabase":"healthy","system":"healthy"}}
{"timestamp":"2025-09-02T01:30:58.576Z","type":"health_check","status":"healthy","details":{"database":"healthy","supabase":"healthy","system":"healthy"}}
{"timestamp":"2025-09-02T01:30:58.667Z","type":"health_check","status":"healthy","details":{"database":"healthy","supabase":"healthy","system":"healthy"}}
{"timestamp":"2025-09-02T01:31:28.926Z","type":"health_check","status":"healthy","details":{"database":"healthy","supabase":"healthy","system":"healthy"}}
{"timestamp":"2025-09-02T01:31:28.941Z","type":"health_check","status":"healthy","details":{"database":"healthy","supabase":"healthy","system":"healthy"}}
{"timestamp":"2025-09-02T01:31:59.239Z","type":"health_check","status":"healthy","details":{"database":"healthy","supabase":"healthy","system":"healthy"}}
{"timestamp":"2025-09-02T01:31:59.244Z","type":"health_check","status":"healthy","details":{"database":"healthy","supabase":"healthy","system":"healthy"}}
{"timestamp":"2025-09-02T01:32:29.811Z","type":"health_check","status":"healthy","details":{"database":"healthy","supabase":"healthy","system":"healthy"}}
{"timestamp":"2025-09-02T01:32:29.826Z","type":"health_check","status":"healthy","details":{"database":"healthy","supabase":"healthy","system":"healthy"}}
{"timestamp":"2025-09-02T01:33:00.394Z","type":"health_check","status":"healthy","details":{"database":"healthy","supabase":"healthy","system":"healthy"}}
{"timestamp":"2025-09-02T01:33:00.400Z","type":"health_check","status":"healthy","details":{"database":"healthy","supabase":"healthy","system":"healthy"}}
{"timestamp":"2025-09-02T01:33:45.704Z","type":"health_check","status":"healthy","details":{"database":"healthy","supabase":"healthy","system":"healthy"}}
{"timestamp":"2025-09-02T01:33:45.781Z","type":"health_check","status":"healthy","details":{"database":"healthy","supabase":"healthy","system":"healthy"}}
{"timestamp":"2025-09-02T01:34:31.044Z","type":"health_check","status":"warning","details":{"database":"healthy","supabase":"healthy","system":"warning"}}
{"timestamp":"2025-09-02T01:34:31.039Z","type":"health_check","status":"warning","details":{"database":"healthy","supabase":"healthy","system":"warning"}}
{"timestamp":"2025-09-02T01:35:16.876Z","type":"health_check","status":"warning","details":{"database":"healthy","supabase":"healthy","system":"warning"}}
{"timestamp":"2025-09-02T01:35:16.938Z","type":"health_check","status":"warning","details":{"database":"healthy","supabase":"healthy","system":"warning"}}
{"timestamp":"2025-09-02T01:36:02.238Z","type":"health_check","status":"healthy","details":{"database":"healthy","supabase":"healthy","system":"healthy"}}
{"timestamp":"2025-09-02T01:36:02.207Z","type":"health_check","status":"healthy","details":{"database":"healthy","supabase":"healthy","system":"healthy"}}
{"timestamp":"2025-09-02T01:36:33.064Z","type":"health_check","status":"healthy","details":{"database":"healthy","supabase":"healthy","system":"healthy"}}
{"timestamp":"2025-09-02T01:36:33.091Z","type":"health_check","status":"healthy","details":{"database":"healthy","supabase":"healthy","system":"healthy"}}
{"timestamp":"2025-09-02T01:37:03.737Z","type":"health_check","status":"healthy","details":{"database":"healthy","supabase":"healthy","system":"healthy"}}
{"timestamp":"2025-09-02T01:37:03.707Z","type":"health_check","status":"warning","details":{"database":"warning","supabase":"healthy","system":"healthy"}}
{"timestamp":"2025-09-02T01:37:34.054Z","type":"health_check","status":"healthy","details":{"database":"healthy","supabase":"healthy","system":"healthy"}}
{"timestamp":"2025-09-02T01:37:35.000Z","type":"health_check","status":"healthy","details":{"database":"healthy","supabase":"healthy","system":"healthy"}}
{"timestamp":"2025-09-02T01:38:04.376Z","type":"health_check","status":"healthy","details":{"database":"healthy","supabase":"healthy","system":"healthy"}}
{"timestamp":"2025-09-02T01:38:05.162Z","type":"health_check","status":"healthy","details":{"database":"healthy","supabase":"healthy","system":"healthy"}}
{"timestamp":"2025-09-02T01:38:34.800Z","type":"health_check","status":"healthy","details":{"database":"healthy","supabase":"healthy","system":"healthy"}}
{"timestamp":"2025-09-02T01:38:35.287Z","type":"health_check","status":"healthy","details":{"database":"healthy","supabase":"healthy","system":"healthy"}}
{"timestamp":"2025-09-02T01:39:05.381Z","type":"health_check","status":"healthy","details":{"database":"healthy","supabase":"healthy","system":"healthy"}}
{"timestamp":"2025-09-02T01:39:05.473Z","type":"health_check","status":"healthy","details":{"database":"healthy","supabase":"healthy","system":"healthy"}}
{"timestamp":"2025-09-02T01:39:35.698Z","type":"health_check","status":"healthy","details":{"database":"healthy","supabase":"healthy","system":"healthy"}}
{"timestamp":"2025-09-02T01:39:35.667Z","type":"health_check","status":"healthy","details":{"database":"healthy","supabase":"healthy","system":"healthy"}}
{"timestamp":"2025-09-02T01:40:21.321Z","type":"health_check","status":"healthy","details":{"database":"healthy","supabase":"healthy","system":"healthy"}}
{"timestamp":"2025-09-02T01:40:20.956Z","type":"health_check","status":"healthy","details":{"database":"healthy","supabase":"healthy","system":"healthy"}}
{"timestamp":"2025-09-02T01:41:06.531Z","type":"health_check","status":"warning","details":{"database":"healthy","supabase":"healthy","system":"warning"}}
{"timestamp":"2025-09-02T01:41:06.534Z","type":"health_check","status":"warning","details":{"database":"healthy","supabase":"healthy","system":"warning"}}
{"timestamp":"2025-09-02T01:41:51.737Z","type":"health_check","status":"warning","details":{"database":"healthy","supabase":"healthy","system":"warning"}}
{"timestamp":"2025-09-02T01:41:51.826Z","type":"health_check","status":"warning","details":{"database":"healthy","supabase":"healthy","system":"warning"}}
{"timestamp":"2025-09-02T01:42:37.114Z","type":"health_check","status":"warning","details":{"database":"healthy","supabase":"healthy","system":"warning"}}
{"timestamp":"2025-09-02T01:42:37.051Z","type":"health_check","status":"warning","details":{"database":"healthy","supabase":"healthy","system":"warning"}}
{"timestamp":"2025-09-02T01:43:22.679Z","type":"health_check","status":"healthy","details":{"database":"healthy","supabase":"healthy","system":"healthy"}}
{"timestamp":"2025-09-02T01:43:37.653Z","type":"health_check","status":"healthy","details":{"database":"healthy","supabase":"healthy","system":"healthy"}}
{"timestamp":"2025-09-02T01:43:53.189Z","type":"health_check","status":"healthy","details":{"database":"healthy","supabase":"healthy","system":"healthy"}}
{"timestamp":"2025-09-02T01:44:07.988Z","type":"health_check","status":"healthy","details":{"database":"healthy","supabase":"healthy","system":"healthy"}}
{"timestamp":"2025-09-02T01:44:23.514Z","type":"health_check","status":"healthy","details":{"database":"healthy","supabase":"healthy","system":"healthy"}}
{"timestamp":"2025-09-02T01:44:38.284Z","type":"health_check","status":"healthy","details":{"database":"healthy","supabase":"healthy","system":"healthy"}}
{"timestamp":"2025-09-02T01:44:54.086Z","type":"health_check","status":"healthy","details":{"database":"healthy","supabase":"healthy","system":"healthy"}}
{"timestamp":"2025-09-02T01:45:08.625Z","type":"health_check","status":"healthy","details":{"database":"healthy","supabase":"healthy","system":"healthy"}}
{"timestamp":"2025-09-02T01:45:24.371Z","type":"health_check","status":"healthy","details":{"database":"healthy","supabase":"healthy","system":"healthy"}}
{"timestamp":"2025-09-02T01:45:38.945Z","type":"health_check","status":"healthy","details":{"database":"healthy","supabase":"healthy","system":"healthy"}}
{"timestamp":"2025-09-02T01:45:54.643Z","type":"health_check","status":"healthy","details":{"database":"healthy","supabase":"healthy","system":"healthy"}}
{"timestamp":"2025-09-02T01:46:09.221Z","type":"health_check","status":"healthy","details":{"database":"healthy","supabase":"healthy","system":"healthy"}}
{"timestamp":"2025-09-02T01:46:24.926Z","type":"health_check","status":"healthy","details":{"database":"healthy","supabase":"healthy","system":"healthy"}}
{"timestamp":"2025-09-02T01:46:39.843Z","type":"health_check","status":"healthy","details":{"database":"healthy","supabase":"healthy","system":"healthy"}}
{"timestamp":"2025-09-02T01:46:55.247Z","type":"health_check","status":"healthy","details":{"database":"healthy","supabase":"healthy","system":"healthy"}}
{"timestamp":"2025-09-02T01:47:10.177Z","type":"health_check","status":"healthy","details":{"database":"healthy","supabase":"healthy","system":"healthy"}}
{"timestamp":"2025-09-02T01:47:40.514Z","type":"health_check","status":"healthy","details":{"database":"healthy","supabase":"healthy","system":"healthy"}}
{"timestamp":"2025-09-02T01:47:55.516Z","type":"health_check","status":"healthy","details":{"database":"healthy","supabase":"healthy","system":"healthy"}}
{"timestamp":"2025-09-02T01:48:25.852Z","type":"health_check","status":"healthy","details":{"database":"healthy","supabase":"healthy","system":"healthy"}}
{"timestamp":"2025-09-02T01:48:41.073Z","type":"health_check","status":"healthy","details":{"database":"healthy","supabase":"healthy","system":"healthy"}}
{"timestamp":"2025-09-02T01:49:11.298Z","type":"health_check","status":"healthy","details":{"database":"healthy","supabase":"healthy","system":"healthy"}}
{"timestamp":"2025-09-02T01:49:26.388Z","type":"health_check","status":"warning","details":{"database":"healthy","supabase":"healthy","system":"warning"}}
{"timestamp":"2025-09-02T01:49:56.607Z","type":"health_check","status":"healthy","details":{"database":"healthy","supabase":"healthy","system":"healthy"}}
{"timestamp":"2025-09-02T01:50:11.828Z","type":"health_check","status":"warning","details":{"database":"healthy","supabase":"healthy","system":"warning"}}
{"timestamp":"2025-09-02T01:50:42.177Z","type":"health_check","status":"warning","details":{"database":"healthy","supabase":"healthy","system":"warning"}}
{"timestamp":"2025-09-02T01:50:57.188Z","type":"health_check","status":"warning","details":{"database":"healthy","supabase":"healthy","system":"warning"}}
{"timestamp":"2025-09-02T01:51:27.517Z","type":"health_check","status":"warning","details":{"database":"healthy","supabase":"healthy","system":"warning"}}
{"timestamp":"2025-09-02T01:51:42.532Z","type":"health_check","status":"warning","details":{"database":"healthy","supabase":"healthy","system":"warning"}}
{"timestamp":"2025-09-02T01:52:27.826Z","type":"health_check","status":"warning","details":{"database":"healthy","supabase":"healthy","system":"warning"}}
{"timestamp":"2025-09-02T04:13:21.243Z","type":"health_check","status":"warning","details":{"database":"warning","supabase":"healthy","system":"warning"}}
{"timestamp":"2025-09-02T04:13:21.377Z","type":"health_check","status":"warning","details":{"database":"warning","supabase":"healthy","system":"warning"}}
{"timestamp":"2025-09-02T04:13:51.262Z","type":"health_check","status":"warning","details":{"database":"healthy","supabase":"healthy","system":"warning"}}
{"timestamp":"2025-09-02T04:13:51.384Z","type":"health_check","status":"warning","details":{"database":"healthy","supabase":"healthy","system":"warning"}}
{"timestamp":"2025-09-02T04:14:36.702Z","type":"health_check","status":"warning","details":{"database":"healthy","supabase":"healthy","system":"warning"}}
{"timestamp":"2025-09-02T04:14:36.706Z","type":"health_check","status":"warning","details":{"database":"healthy","supabase":"healthy","system":"warning"}}
{"timestamp":"2025-09-02T04:15:37.254Z","type":"health_check","status":"warning","details":{"database":"healthy","supabase":"healthy","system":"warning"}}
{"timestamp":"2025-09-02T04:15:37.056Z","type":"health_check","status":"warning","details":{"database":"healthy","supabase":"healthy","system":"warning"}}
{"timestamp":"2025-09-02T04:16:37.859Z","type":"health_check","status":"warning","details":{"database":"healthy","supabase":"healthy","system":"warning"}}
{"timestamp":"2025-09-02T04:16:38.029Z","type":"health_check","status":"warning","details":{"database":"healthy","supabase":"healthy","system":"warning"}}
{"timestamp":"2025-09-02T04:17:38.265Z","type":"health_check","status":"warning","details":{"database":"healthy","supabase":"healthy","system":"warning"}}
{"timestamp":"2025-09-02T04:17:38.530Z","type":"health_check","status":"warning","details":{"database":"healthy","supabase":"healthy","system":"warning"}}
{"timestamp":"2025-09-02T04:18:38.945Z","type":"health_check","status":"warning","details":{"database":"healthy","supabase":"healthy","system":"warning"}}
{"timestamp":"2025-09-02T04:18:39.110Z","type":"health_check","status":"warning","details":{"database":"healthy","supabase":"healthy","system":"warning"}}
{"timestamp":"2025-09-02T04:19:39.481Z","type":"health_check","status":"warning","details":{"database":"healthy","supabase":"healthy","system":"warning"}}
{"timestamp":"2025-09-02T04:19:39.435Z","type":"health_check","status":"warning","details":{"database":"healthy","supabase":"healthy","system":"warning"}}
{"timestamp":"2025-09-02T04:20:40.381Z","type":"health_check","status":"warning","details":{"database":"healthy","supabase":"healthy","system":"warning"}}
{"timestamp":"2025-09-02T04:20:40.386Z","type":"health_check","status":"error","details":{"database":"healthy","supabase":"healthy","system":"error"}}
{"timestamp":"2025-09-02T04:21:40.809Z","type":"health_check","status":"warning","details":{"database":"healthy","supabase":"healthy","system":"warning"}}
{"timestamp":"2025-09-02T04:21:40.813Z","type":"health_check","status":"warning","details":{"database":"healthy","supabase":"healthy","system":"warning"}}
{"timestamp":"2025-09-02T04:22:41.920Z","type":"health_check","status":"error","details":{"database":"healthy","supabase":"healthy","system":"error"}}
{"timestamp":"2025-09-02T04:22:42.593Z","type":"health_check","status":"warning","details":{"database":"healthy","supabase":"healthy","system":"warning"}}
{"timestamp":"2025-09-02T04:23:42.957Z","type":"health_check","status":"warning","details":{"database":"healthy","supabase":"healthy","system":"warning"}}
{"timestamp":"2025-09-02T04:23:43.125Z","type":"health_check","status":"warning","details":{"database":"healthy","supabase":"healthy","system":"warning"}}
{"timestamp":"2025-09-02T04:24:43.632Z","type":"health_check","status":"error","details":{"database":"healthy","supabase":"healthy","system":"error"}}
{"timestamp":"2025-09-02T04:24:43.724Z","type":"health_check","status":"error","details":{"database":"healthy","supabase":"healthy","system":"error"}}
{"timestamp":"2025-09-02T04:25:44.512Z","type":"health_check","status":"warning","details":{"database":"healthy","supabase":"healthy","system":"warning"}}
{"timestamp":"2025-09-02T04:25:44.677Z","type":"health_check","status":"warning","details":{"database":"healthy","supabase":"healthy","system":"warning"}}
{"timestamp":"2025-09-02T04:26:45.198Z","type":"health_check","status":"error","details":{"database":"warning","supabase":"healthy","system":"error"}}
{"timestamp":"2025-09-02T04:26:45.275Z","type":"health_check","status":"error","details":{"database":"warning","supabase":"healthy","system":"error"}}
{"timestamp":"2025-09-02T04:27:47.528Z","type":"health_check","status":"healthy","details":{"database":"healthy","supabase":"healthy","system":"healthy"}}
{"timestamp":"2025-09-02T04:27:48.065Z","type":"health_check","status":"healthy","details":{"database":"healthy","supabase":"healthy","system":"healthy"}}
{"timestamp":"2025-09-02T04:28:18.259Z","type":"health_check","status":"warning","details":{"database":"healthy","supabase":"healthy","system":"warning"}}
{"timestamp":"2025-09-02T04:28:18.744Z","type":"health_check","status":"warning","details":{"database":"healthy","supabase":"healthy","system":"warning"}}
